<?xml version="1.0" encoding="UTF-8"?>
<coverage generated="1769840226262" clover="3.2.0">
  <project timestamp="1769840226262" name="All files">
    <metrics statements="210" coveredstatements="208" conditionals="81" coveredconditionals="70" methods="62" coveredmethods="62" elements="353" coveredelements="340" complexity="0" loc="210" ncloc="210" packages="1" files="3" classes="3"/>
    <file name="agent-protocol.ts" path="/home/user/webapp/src/core/agent-protocol.ts">
      <metrics statements="72" coveredstatements="70" conditionals="40" coveredconditionals="35" methods="19" coveredmethods="19"/>
      <line num="6" count="1" type="cond" truecount="2" falsecount="0"/>
      <line num="7" count="1" type="stmt"/>
      <line num="8" count="1" type="stmt"/>
      <line num="9" count="1" type="stmt"/>
      <line num="10" count="1" type="stmt"/>
      <line num="13" count="1" type="cond" truecount="2" falsecount="0"/>
      <line num="14" count="1" type="stmt"/>
      <line num="15" count="1" type="stmt"/>
      <line num="16" count="1" type="stmt"/>
      <line num="17" count="1" type="stmt"/>
      <line num="18" count="1" type="stmt"/>
      <line num="19" count="1" type="stmt"/>
      <line num="20" count="1" type="stmt"/>
      <line num="74" count="1" type="stmt"/>
      <line num="75" count="5" type="stmt"/>
      <line num="78" count="7" type="stmt"/>
      <line num="83" count="7" type="stmt"/>
      <line num="84" count="7" type="stmt"/>
      <line num="88" count="3" type="stmt"/>
      <line num="92" count="1" type="stmt"/>
      <line num="96" count="7" type="stmt"/>
      <line num="100" count="2" type="stmt"/>
      <line num="104" count="1" type="stmt"/>
      <line num="127" count="1" type="stmt"/>
      <line num="132" count="10" type="stmt"/>
      <line num="134" count="10" type="stmt"/>
      <line num="137" count="10" type="stmt"/>
      <line num="139" count="10" type="cond" truecount="1" falsecount="0"/>
      <line num="140" count="4" type="stmt"/>
      <line num="149" count="6" type="stmt"/>
      <line num="157" count="0" type="stmt"/>
      <line num="172" count="2" type="stmt"/>
      <line num="173" count="2" type="stmt"/>
      <line num="175" count="2" type="stmt"/>
      <line num="189" count="10" type="stmt"/>
      <line num="192" count="10" type="cond" truecount="3" falsecount="0"/>
      <line num="193" count="2" type="stmt"/>
      <line num="194" count="2" type="stmt"/>
      <line num="198" count="8" type="cond" truecount="3" falsecount="0"/>
      <line num="201" count="5" type="cond" truecount="4" falsecount="0"/>
      <line num="202" count="1" type="stmt"/>
      <line num="204" count="5" type="stmt"/>
      <line num="206" count="3" type="cond" truecount="3" falsecount="0"/>
      <line num="207" count="1" type="stmt"/>
      <line num="209" count="3" type="stmt"/>
      <line num="212" count="8" type="stmt"/>
      <line num="219" count="2" type="cond" truecount="1" falsecount="1"/>
      <line num="220" count="2" type="cond" truecount="2" falsecount="0"/>
      <line num="221" count="2" type="stmt"/>
      <line num="228" count="3" type="stmt"/>
      <line num="230" count="3" type="stmt"/>
      <line num="232" count="3" type="stmt"/>
      <line num="233" count="3" type="stmt"/>
      <line num="236" count="3" type="cond" truecount="1" falsecount="0"/>
      <line num="237" count="1" type="stmt"/>
      <line num="240" count="3" type="stmt"/>
      <line num="245" count="3" type="stmt"/>
      <line num="248" count="0" type="stmt"/>
      <line num="270" count="1" type="stmt"/>
      <line num="272" count="5" type="stmt"/>
      <line num="275" count="5" type="cond" truecount="3" falsecount="0"/>
      <line num="276" count="1" type="stmt"/>
      <line num="284" count="5" type="cond" truecount="3" falsecount="0"/>
      <line num="285" count="1" type="stmt"/>
      <line num="293" count="5" type="cond" truecount="3" falsecount="0"/>
      <line num="294" count="1" type="stmt"/>
      <line num="302" count="5" type="cond" truecount="3" falsecount="0"/>
      <line num="303" count="1" type="stmt"/>
      <line num="310" count="5" type="stmt"/>
      <line num="315" count="2" type="cond" truecount="1" falsecount="0"/>
      <line num="316" count="1" type="stmt"/>
      <line num="319" count="1" type="stmt"/>
    </file>
    <file name="build-logger.ts" path="/home/user/webapp/src/core/build-logger.ts">
      <metrics statements="54" coveredstatements="54" conditionals="18" coveredconditionals="16" methods="22" coveredmethods="22"/>
      <line num="6" count="1" type="cond" truecount="2" falsecount="0"/>
      <line num="7" count="1" type="stmt"/>
      <line num="8" count="1" type="stmt"/>
      <line num="9" count="1" type="stmt"/>
      <line num="10" count="1" type="stmt"/>
      <line num="11" count="1" type="stmt"/>
      <line num="24" count="1" type="stmt"/>
      <line num="25" count="18" type="stmt"/>
      <line num="26" count="18" type="stmt"/>
      <line num="35" count="1238" type="stmt"/>
      <line num="45" count="1238" type="stmt"/>
      <line num="48" count="1238" type="cond" truecount="1" falsecount="0"/>
      <line num="49" count="100" type="stmt"/>
      <line num="52" count="1238" type="stmt"/>
      <line num="56" count="1" type="stmt"/>
      <line num="60" count="1222" type="stmt"/>
      <line num="64" count="1" type="stmt"/>
      <line num="68" count="7" type="stmt"/>
      <line num="72" count="6" type="stmt"/>
      <line num="81" count="9" type="stmt"/>
      <line num="83" count="9" type="cond" truecount="1" falsecount="0"/>
      <line num="84" count="6" type="cond" truecount="1" falsecount="0"/>
      <line num="85" count="8" type="stmt"/>
      <line num="87" count="6" type="cond" truecount="1" falsecount="0"/>
      <line num="88" count="5" type="stmt"/>
      <line num="90" count="6" type="cond" truecount="1" falsecount="0"/>
      <line num="91" count="4" type="stmt"/>
      <line num="93" count="6" type="cond" truecount="1" falsecount="0"/>
      <line num="94" count="6" type="stmt"/>
      <line num="98" count="9" type="stmt"/>
      <line num="102" count="2" type="stmt"/>
      <line num="106" count="2" type="stmt"/>
      <line num="110" count="1238" type="stmt"/>
      <line num="114" count="2" type="stmt"/>
      <line num="116" count="3" type="stmt"/>
      <line num="117" count="3" type="cond" truecount="2" falsecount="0"/>
      <line num="118" count="3" type="stmt"/>
      <line num="148" count="1" type="stmt"/>
      <line num="149" count="6" type="stmt"/>
      <line num="152" count="7" type="cond" truecount="2" falsecount="0"/>
      <line num="153" count="7" type="stmt"/>
      <line num="154" count="7" type="stmt"/>
      <line num="158" count="1" type="cond" truecount="1" falsecount="1"/>
      <line num="159" count="1" type="stmt"/>
      <line num="160" count="1" type="cond" truecount="1" falsecount="0"/>
      <line num="161" count="1" type="stmt"/>
      <line num="162" count="1" type="stmt"/>
      <line num="167" count="6" type="stmt"/>
      <line num="173" count="6" type="cond" truecount="2" falsecount="0"/>
      <line num="174" count="6" type="stmt"/>
      <line num="175" count="5" type="stmt"/>
      <line num="176" count="5" type="stmt"/>
      <line num="178" count="1" type="stmt"/>
      <line num="184" count="1" type="stmt"/>
    </file>
    <file name="pipeline-state.ts" path="/home/user/webapp/src/core/pipeline-state.ts">
      <metrics statements="84" coveredstatements="84" conditionals="23" coveredconditionals="19" methods="21" coveredmethods="21"/>
      <line num="6" count="1" type="cond" truecount="2" falsecount="0"/>
      <line num="7" count="1" type="stmt"/>
      <line num="8" count="1" type="stmt"/>
      <line num="9" count="1" type="stmt"/>
      <line num="10" count="1" type="stmt"/>
      <line num="11" count="1" type="stmt"/>
      <line num="12" count="1" type="stmt"/>
      <line num="15" count="1" type="cond" truecount="2" falsecount="0"/>
      <line num="16" count="1" type="stmt"/>
      <line num="17" count="1" type="stmt"/>
      <line num="18" count="1" type="stmt"/>
      <line num="19" count="1" type="stmt"/>
      <line num="20" count="1" type="stmt"/>
      <line num="21" count="1" type="stmt"/>
      <line num="22" count="1" type="stmt"/>
      <line num="23" count="1" type="stmt"/>
      <line num="24" count="1" type="stmt"/>
      <line num="25" count="1" type="stmt"/>
      <line num="60" count="1" type="stmt"/>
      <line num="65" count="15" type="stmt"/>
      <line num="72" count="4" type="stmt"/>
      <line num="79" count="4" type="stmt"/>
      <line num="86" count="22" type="stmt"/>
      <line num="89" count="22" type="cond" truecount="1" falsecount="0"/>
      <line num="90" count="13" type="cond" truecount="1" falsecount="0"/>
      <line num="91" count="4" type="stmt"/>
      <line num="96" count="18" type="cond" truecount="1" falsecount="0"/>
      <line num="97" count="2" type="cond" truecount="1" falsecount="0"/>
      <line num="98" count="1" type="stmt"/>
      <line num="103" count="17" type="cond" truecount="1" falsecount="0"/>
      <line num="104" count="2" type="cond" truecount="1" falsecount="0"/>
      <line num="105" count="1" type="stmt"/>
      <line num="109" count="16" type="stmt"/>
      <line num="116" count="1" type="stmt"/>
      <line num="120" count="17" type="stmt"/>
      <line num="131" count="17" type="stmt"/>
      <line num="135" count="17" type="stmt"/>
      <line num="136" count="17" type="stmt"/>
      <line num="137" count="170" type="stmt"/>
      <line num="153" count="4" type="stmt"/>
      <line num="157" count="1" type="stmt"/>
      <line num="161" count="21" type="stmt"/>
      <line num="162" count="21" type="cond" truecount="1" falsecount="0"/>
      <line num="163" count="21" type="stmt"/>
      <line num="164" count="21" type="stmt"/>
      <line num="165" count="21" type="stmt"/>
      <line num="166" count="21" type="stmt"/>
      <line num="171" count="20" type="stmt"/>
      <line num="172" count="20" type="cond" truecount="1" falsecount="0"/>
      <line num="173" count="20" type="stmt"/>
      <line num="174" count="20" type="stmt"/>
      <line num="179" count="1" type="stmt"/>
      <line num="180" count="1" type="cond" truecount="1" falsecount="0"/>
      <line num="181" count="1" type="cond" truecount="1" falsecount="1"/>
      <line num="182" count="1" type="stmt"/>
      <line num="183" count="1" type="stmt"/>
      <line num="184" count="1" type="stmt"/>
      <line num="189" count="1" type="stmt"/>
      <line num="190" count="1" type="cond" truecount="1" falsecount="0"/>
      <line num="191" count="1" type="cond" truecount="1" falsecount="1"/>
      <line num="192" count="1" type="stmt"/>
      <line num="193" count="1" type="stmt"/>
      <line num="198" count="19" type="stmt"/>
      <line num="199" count="19" type="cond" truecount="0" falsecount="1"/>
      <line num="202" count="19" type="cond" truecount="1" falsecount="0"/>
      <line num="203" count="4" type="stmt"/>
      <line num="204" count="4" type="stmt"/>
      <line num="207" count="15" type="stmt"/>
      <line num="208" count="15" type="stmt"/>
      <line num="209" count="15" type="cond" truecount="1" falsecount="1"/>
      <line num="212" count="15" type="stmt"/>
      <line num="213" count="15" type="stmt"/>
      <line num="214" count="15" type="cond" truecount="1" falsecount="0"/>
      <line num="215" count="14" type="stmt"/>
      <line num="218" count="15" type="stmt"/>
      <line num="219" count="15" type="stmt"/>
      <line num="223" count="6" type="stmt"/>
      <line num="227" count="1" type="stmt"/>
      <line num="228" count="1" type="stmt"/>
      <line num="232" count="2" type="stmt"/>
      <line num="233" count="2" type="stmt"/>
      <line num="237" count="2" type="stmt"/>
      <line num="238" count="20" type="stmt"/>
      <line num="239" count="2" type="stmt"/>
    </file>
  </project>
</coverage>
