{"/home/user/webapp/src/core/agent-protocol.ts": {"path":"/home/user/webapp/src/core/agent-protocol.ts","statementMap":{"0":{"start":{"line":6,"column":0},"end":{"line":6,"column":null}},"1":{"start":{"line":7,"column":2},"end":{"line":7,"column":null}},"2":{"start":{"line":8,"column":2},"end":{"line":8,"column":null}},"3":{"start":{"line":9,"column":2},"end":{"line":9,"column":null}},"4":{"start":{"line":10,"column":2},"end":{"line":10,"column":null}},"5":{"start":{"line":13,"column":0},"end":{"line":13,"column":null}},"6":{"start":{"line":14,"column":2},"end":{"line":14,"column":null}},"7":{"start":{"line":15,"column":2},"end":{"line":15,"column":null}},"8":{"start":{"line":16,"column":2},"end":{"line":16,"column":null}},"9":{"start":{"line":17,"column":2},"end":{"line":17,"column":null}},"10":{"start":{"line":18,"column":2},"end":{"line":18,"column":null}},"11":{"start":{"line":19,"column":2},"end":{"line":19,"column":null}},"12":{"start":{"line":20,"column":2},"end":{"line":20,"column":null}},"13":{"start":{"line":75,"column":37},"end":{"line":75,"column":39}},"14":{"start":{"line":78,"column":38},"end":{"line":82,"column":6}},"15":{"start":{"line":83,"column":4},"end":{"line":83,"column":36}},"16":{"start":{"line":84,"column":4},"end":{"line":84,"column":23}},"17":{"start":{"line":88,"column":4},"end":{"line":88,"column":57}},"18":{"start":{"line":88,"column":37},"end":{"line":88,"column":55}},"19":{"start":{"line":92,"column":4},"end":{"line":92,"column":66}},"20":{"start":{"line":92,"column":46},"end":{"line":92,"column":64}},"21":{"start":{"line":96,"column":4},"end":{"line":96,"column":78}},"22":{"start":{"line":100,"column":4},"end":{"line":100,"column":64}},"23":{"start":{"line":100,"column":37},"end":{"line":100,"column":62}},"24":{"start":{"line":104,"column":4},"end":{"line":104,"column":23}},"25":{"start":{"line":74,"column":0},"end":{"line":74,"column":13}},"26":{"start":{"line":132,"column":22},"end":{"line":132,"column":32}},"27":{"start":{"line":134,"column":4},"end":{"line":164,"column":5}},"28":{"start":{"line":137,"column":21},"end":{"line":137,"column":70}},"29":{"start":{"line":139,"column":6},"end":{"line":147,"column":7}},"30":{"start":{"line":140,"column":8},"end":{"line":146,"column":10}},"31":{"start":{"line":149,"column":6},"end":{"line":155,"column":8}},"32":{"start":{"line":157,"column":6},"end":{"line":163,"column":8}},"33":{"start":{"line":172,"column":23},"end":{"line":172,"column":48}},"34":{"start":{"line":173,"column":24},"end":{"line":173,"column":53}},"35":{"start":{"line":175,"column":4},"end":{"line":182,"column":6}},"36":{"start":{"line":189,"column":29},"end":{"line":189,"column":31}},"37":{"start":{"line":192,"column":4},"end":{"line":195,"column":5}},"38":{"start":{"line":193,"column":6},"end":{"line":193,"column":35}},"39":{"start":{"line":194,"column":6},"end":{"line":194,"column":20}},"40":{"start":{"line":198,"column":4},"end":{"line":210,"column":5}},"41":{"start":{"line":201,"column":8},"end":{"line":203,"column":9}},"42":{"start":{"line":202,"column":10},"end":{"line":202,"column":50}},"43":{"start":{"line":204,"column":8},"end":{"line":204,"column":14}},"44":{"start":{"line":206,"column":8},"end":{"line":208,"column":9}},"45":{"start":{"line":207,"column":10},"end":{"line":207,"column":50}},"46":{"start":{"line":209,"column":8},"end":{"line":209,"column":14}},"47":{"start":{"line":212,"column":4},"end":{"line":212,"column":18}},"48":{"start":{"line":219,"column":24},"end":{"line":219,"column":58}},"49":{"start":{"line":220,"column":22},"end":{"line":220,"column":54}},"50":{"start":{"line":221,"column":4},"end":{"line":221,"column":49}},"51":{"start":{"line":228,"column":22},"end":{"line":228,"column":32}},"52":{"start":{"line":230,"column":4},"end":{"line":255,"column":5}},"53":{"start":{"line":232,"column":31},"end":{"line":232,"column":33}},"54":{"start":{"line":233,"column":33},"end":{"line":233,"column":35}},"55":{"start":{"line":236,"column":6},"end":{"line":238,"column":7}},"56":{"start":{"line":237,"column":8},"end":{"line":237,"column":48}},"57":{"start":{"line":240,"column":6},"end":{"line":246,"column":8}},"58":{"start":{"line":245,"column":42},"end":{"line":245,"column":70}},"59":{"start":{"line":248,"column":6},"end":{"line":254,"column":8}},"60":{"start":{"line":127,"column":0},"end":{"line":127,"column":13}},"61":{"start":{"line":272,"column":43},"end":{"line":272,"column":45}},"62":{"start":{"line":275,"column":4},"end":{"line":281,"column":5}},"63":{"start":{"line":276,"column":6},"end":{"line":280,"column":9}},"64":{"start":{"line":284,"column":4},"end":{"line":290,"column":5}},"65":{"start":{"line":285,"column":6},"end":{"line":289,"column":9}},"66":{"start":{"line":293,"column":4},"end":{"line":299,"column":5}},"67":{"start":{"line":294,"column":6},"end":{"line":298,"column":9}},"68":{"start":{"line":302,"column":4},"end":{"line":308,"column":5}},"69":{"start":{"line":303,"column":6},"end":{"line":307,"column":9}},"70":{"start":{"line":310,"column":4},"end":{"line":310,"column":23}},"71":{"start":{"line":315,"column":4},"end":{"line":317,"column":5}},"72":{"start":{"line":316,"column":6},"end":{"line":316,"column":48}},"73":{"start":{"line":319,"column":4},"end":{"line":319,"column":24}},"74":{"start":{"line":270,"column":0},"end":{"line":270,"column":13}}},"fnMap":{"0":{"name":"(anonymous_0)","decl":{"start":{"line":6,"column":0},"end":{"line":6,"column":12}},"loc":{"start":{"line":6,"column":21},"end":{"line":11,"column":1}}},"1":{"name":"(anonymous_1)","decl":{"start":{"line":13,"column":0},"end":{"line":13,"column":12}},"loc":{"start":{"line":13,"column":23},"end":{"line":21,"column":1}}},"2":{"name":"(anonymous_2)","decl":{"start":{"line":77,"column":2},"end":{"line":77,"column":6}},"loc":{"start":{"line":77,"column":54},"end":{"line":85,"column":3}}},"3":{"name":"(anonymous_3)","decl":{"start":{"line":87,"column":2},"end":{"line":87,"column":9}},"loc":{"start":{"line":87,"column":30},"end":{"line":89,"column":3}}},"4":{"name":"(anonymous_4)","decl":{"start":{"line":88,"column":32},"end":{"line":88,"column":33}},"loc":{"start":{"line":88,"column":37},"end":{"line":88,"column":55}}},"5":{"name":"(anonymous_5)","decl":{"start":{"line":91,"column":2},"end":{"line":91,"column":13}},"loc":{"start":{"line":91,"column":31},"end":{"line":93,"column":3}}},"6":{"name":"(anonymous_6)","decl":{"start":{"line":92,"column":41},"end":{"line":92,"column":42}},"loc":{"start":{"line":92,"column":46},"end":{"line":92,"column":64}}},"7":{"name":"(anonymous_7)","decl":{"start":{"line":95,"column":10},"end":{"line":95,"column":27}},"loc":{"start":{"line":95,"column":27},"end":{"line":97,"column":3}}},"8":{"name":"(anonymous_8)","decl":{"start":{"line":99,"column":2},"end":{"line":99,"column":22}},"loc":{"start":{"line":99,"column":40},"end":{"line":101,"column":3}}},"9":{"name":"(anonymous_9)","decl":{"start":{"line":100,"column":32},"end":{"line":100,"column":33}},"loc":{"start":{"line":100,"column":37},"end":{"line":100,"column":62}}},"10":{"name":"(anonymous_10)","decl":{"start":{"line":103,"column":2},"end":{"line":103,"column":7}},"loc":{"start":{"line":103,"column":7},"end":{"line":105,"column":3}}},"11":{"name":"(anonymous_11)","decl":{"start":{"line":131,"column":2},"end":{"line":131,"column":8}},"loc":{"start":{"line":131,"column":52},"end":{"line":165,"column":3}}},"12":{"name":"(anonymous_12)","decl":{"start":{"line":170,"column":2},"end":{"line":170,"column":8}},"loc":{"start":{"line":170,"column":60},"end":{"line":183,"column":3}}},"13":{"name":"(anonymous_13)","decl":{"start":{"line":188,"column":10},"end":{"line":188,"column":16}},"loc":{"start":{"line":188,"column":60},"end":{"line":213,"column":3}}},"14":{"name":"(anonymous_14)","decl":{"start":{"line":218,"column":10},"end":{"line":218,"column":16}},"loc":{"start":{"line":218,"column":44},"end":{"line":222,"column":3}}},"15":{"name":"(anonymous_15)","decl":{"start":{"line":227,"column":2},"end":{"line":227,"column":8}},"loc":{"start":{"line":227,"column":49},"end":{"line":256,"column":3}}},"16":{"name":"(anonymous_16)","decl":{"start":{"line":245,"column":37},"end":{"line":245,"column":38}},"loc":{"start":{"line":245,"column":42},"end":{"line":245,"column":70}}},"17":{"name":"(anonymous_17)","decl":{"start":{"line":271,"column":2},"end":{"line":271,"column":8}},"loc":{"start":{"line":271,"column":35},"end":{"line":311,"column":3}}},"18":{"name":"(anonymous_18)","decl":{"start":{"line":313,"column":2},"end":{"line":313,"column":8}},"loc":{"start":{"line":313,"column":60},"end":{"line":320,"column":3}}}},"branchMap":{"0":{"loc":{"start":{"line":6,"column":12},"end":{"line":6,"column":null}},"type":"binary-expr","locations":[{"start":{"line":6,"column":12},"end":{"line":6,"column":21}},{"start":{"line":6,"column":21},"end":{"line":6,"column":null}}]},"1":{"loc":{"start":{"line":13,"column":12},"end":{"line":13,"column":null}},"type":"binary-expr","locations":[{"start":{"line":13,"column":12},"end":{"line":13,"column":23}},{"start":{"line":13,"column":23},"end":{"line":13,"column":null}}]},"2":{"loc":{"start":{"line":139,"column":6},"end":{"line":147,"column":7}},"type":"if","locations":[{"start":{"line":139,"column":6},"end":{"line":147,"column":7}}]},"3":{"loc":{"start":{"line":160,"column":17},"end":{"line":160,"column":71}},"type":"cond-expr","locations":[{"start":{"line":160,"column":42},"end":{"line":160,"column":55}},{"start":{"line":160,"column":58},"end":{"line":160,"column":71}}]},"4":{"loc":{"start":{"line":192,"column":4},"end":{"line":195,"column":5}},"type":"if","locations":[{"start":{"line":192,"column":4},"end":{"line":195,"column":5}}]},"5":{"loc":{"start":{"line":192,"column":8},"end":{"line":192,"column":41}},"type":"binary-expr","locations":[{"start":{"line":192,"column":8},"end":{"line":192,"column":13}},{"start":{"line":192,"column":17},"end":{"line":192,"column":41}}]},"6":{"loc":{"start":{"line":198,"column":4},"end":{"line":210,"column":5}},"type":"switch","locations":[{"start":{"line":199,"column":6},"end":{"line":199,"column":24}},{"start":{"line":200,"column":6},"end":{"line":204,"column":14}},{"start":{"line":205,"column":6},"end":{"line":209,"column":14}}]},"7":{"loc":{"start":{"line":201,"column":8},"end":{"line":203,"column":9}},"type":"if","locations":[{"start":{"line":201,"column":8},"end":{"line":203,"column":9}}]},"8":{"loc":{"start":{"line":201,"column":12},"end":{"line":201,"column":89}},"type":"binary-expr","locations":[{"start":{"line":201,"column":12},"end":{"line":201,"column":38}},{"start":{"line":201,"column":42},"end":{"line":201,"column":62}},{"start":{"line":201,"column":66},"end":{"line":201,"column":89}}]},"9":{"loc":{"start":{"line":206,"column":8},"end":{"line":208,"column":9}},"type":"if","locations":[{"start":{"line":206,"column":8},"end":{"line":208,"column":9}}]},"10":{"loc":{"start":{"line":206,"column":12},"end":{"line":206,"column":60}},"type":"binary-expr","locations":[{"start":{"line":206,"column":12},"end":{"line":206,"column":33}},{"start":{"line":206,"column":37},"end":{"line":206,"column":60}}]},"11":{"loc":{"start":{"line":219,"column":24},"end":{"line":219,"column":58}},"type":"binary-expr","locations":[{"start":{"line":219,"column":24},"end":{"line":219,"column":52}},{"start":{"line":219,"column":56},"end":{"line":219,"column":58}}]},"12":{"loc":{"start":{"line":220,"column":22},"end":{"line":220,"column":54}},"type":"binary-expr","locations":[{"start":{"line":220,"column":22},"end":{"line":220,"column":48}},{"start":{"line":220,"column":52},"end":{"line":220,"column":54}}]},"13":{"loc":{"start":{"line":236,"column":6},"end":{"line":238,"column":7}},"type":"if","locations":[{"start":{"line":236,"column":6},"end":{"line":238,"column":7}}]},"14":{"loc":{"start":{"line":251,"column":17},"end":{"line":251,"column":71}},"type":"cond-expr","locations":[{"start":{"line":251,"column":42},"end":{"line":251,"column":55}},{"start":{"line":251,"column":58},"end":{"line":251,"column":71}}]},"15":{"loc":{"start":{"line":275,"column":4},"end":{"line":281,"column":5}},"type":"if","locations":[{"start":{"line":275,"column":4},"end":{"line":281,"column":5}}]},"16":{"loc":{"start":{"line":275,"column":8},"end":{"line":275,"column":75}},"type":"binary-expr","locations":[{"start":{"line":275,"column":8},"end":{"line":275,"column":37}},{"start":{"line":275,"column":41},"end":{"line":275,"column":75}}]},"17":{"loc":{"start":{"line":284,"column":4},"end":{"line":290,"column":5}},"type":"if","locations":[{"start":{"line":284,"column":4},"end":{"line":290,"column":5}}]},"18":{"loc":{"start":{"line":284,"column":8},"end":{"line":284,"column":74}},"type":"binary-expr","locations":[{"start":{"line":284,"column":8},"end":{"line":284,"column":35}},{"start":{"line":284,"column":39},"end":{"line":284,"column":74}}]},"19":{"loc":{"start":{"line":293,"column":4},"end":{"line":299,"column":5}},"type":"if","locations":[{"start":{"line":293,"column":4},"end":{"line":299,"column":5}}]},"20":{"loc":{"start":{"line":293,"column":8},"end":{"line":293,"column":82}},"type":"binary-expr","locations":[{"start":{"line":293,"column":8},"end":{"line":293,"column":44}},{"start":{"line":293,"column":48},"end":{"line":293,"column":82}}]},"21":{"loc":{"start":{"line":302,"column":4},"end":{"line":308,"column":5}},"type":"if","locations":[{"start":{"line":302,"column":4},"end":{"line":308,"column":5}}]},"22":{"loc":{"start":{"line":302,"column":8},"end":{"line":302,"column":76}},"type":"binary-expr","locations":[{"start":{"line":302,"column":8},"end":{"line":302,"column":40}},{"start":{"line":302,"column":44},"end":{"line":302,"column":76}}]},"23":{"loc":{"start":{"line":315,"column":4},"end":{"line":317,"column":5}},"type":"if","locations":[{"start":{"line":315,"column":4},"end":{"line":317,"column":5}}]}},"s":{"0":1,"1":1,"2":1,"3":1,"4":1,"5":1,"6":1,"7":1,"8":1,"9":1,"10":1,"11":1,"12":1,"13":5,"14":7,"15":7,"16":7,"17":3,"18":2,"19":1,"20":1,"21":7,"22":1,"23":2,"24":1,"25":1,"26":10,"27":10,"28":10,"29":10,"30":4,"31":6,"32":0,"33":2,"34":2,"35":2,"36":10,"37":10,"38":2,"39":2,"40":8,"41":5,"42":1,"43":5,"44":3,"45":1,"46":3,"47":8,"48":2,"49":2,"50":2,"51":3,"52":3,"53":3,"54":3,"55":3,"56":1,"57":3,"58":3,"59":0,"60":1,"61":5,"62":5,"63":1,"64":5,"65":1,"66":5,"67":1,"68":5,"69":1,"70":5,"71":2,"72":1,"73":1,"74":1},"f":{"0":1,"1":1,"2":7,"3":3,"4":2,"5":1,"6":1,"7":7,"8":1,"9":2,"10":1,"11":10,"12":2,"13":10,"14":2,"15":3,"16":3,"17":5,"18":2},"b":{"0":[1,1],"1":[1,1],"2":[4],"3":[0,0],"4":[2],"5":[10,9],"6":[5,5,3],"7":[1],"8":[5,3,2],"9":[1],"10":[3,1],"11":[2,0],"12":[2,2],"13":[1],"14":[0,0],"15":[1],"16":[5,4],"17":[1],"18":[5,4],"19":[1],"20":[5,4],"21":[1],"22":[5,4],"23":[1]}}
,"/home/user/webapp/src/core/build-logger.ts": {"path":"/home/user/webapp/src/core/build-logger.ts","statementMap":{"0":{"start":{"line":6,"column":0},"end":{"line":6,"column":null}},"1":{"start":{"line":7,"column":2},"end":{"line":7,"column":null}},"2":{"start":{"line":8,"column":2},"end":{"line":8,"column":null}},"3":{"start":{"line":9,"column":2},"end":{"line":9,"column":null}},"4":{"start":{"line":10,"column":2},"end":{"line":10,"column":null}},"5":{"start":{"line":11,"column":2},"end":{"line":11,"column":null}},"6":{"start":{"line":25,"column":29},"end":{"line":25,"column":31}},"7":{"start":{"line":26,"column":28},"end":{"line":26,"column":32}},"8":{"start":{"line":35,"column":28},"end":{"line":43,"column":6}},"9":{"start":{"line":45,"column":4},"end":{"line":45,"column":26}},"10":{"start":{"line":48,"column":4},"end":{"line":50,"column":5}},"11":{"start":{"line":49,"column":6},"end":{"line":49,"column":49}},"12":{"start":{"line":52,"column":4},"end":{"line":52,"column":17}},"13":{"start":{"line":56,"column":4},"end":{"line":56,"column":70}},"14":{"start":{"line":60,"column":4},"end":{"line":60,"column":69}},"15":{"start":{"line":64,"column":4},"end":{"line":64,"column":69}},"16":{"start":{"line":68,"column":4},"end":{"line":68,"column":70}},"17":{"start":{"line":72,"column":4},"end":{"line":72,"column":72}},"18":{"start":{"line":81,"column":19},"end":{"line":81,"column":28}},"19":{"start":{"line":83,"column":4},"end":{"line":96,"column":5}},"20":{"start":{"line":84,"column":6},"end":{"line":86,"column":7}},"21":{"start":{"line":85,"column":8},"end":{"line":85,"column":66}},"22":{"start":{"line":85,"column":40},"end":{"line":85,"column":64}},"23":{"start":{"line":87,"column":6},"end":{"line":89,"column":7}},"24":{"start":{"line":88,"column":8},"end":{"line":88,"column":68}},"25":{"start":{"line":88,"column":40},"end":{"line":88,"column":66}},"26":{"start":{"line":90,"column":6},"end":{"line":92,"column":7}},"27":{"start":{"line":91,"column":8},"end":{"line":91,"column":66}},"28":{"start":{"line":91,"column":40},"end":{"line":91,"column":64}},"29":{"start":{"line":93,"column":6},"end":{"line":95,"column":7}},"30":{"start":{"line":94,"column":8},"end":{"line":94,"column":70}},"31":{"start":{"line":94,"column":40},"end":{"line":94,"column":68}},"32":{"start":{"line":98,"column":4},"end":{"line":98,"column":20}},"33":{"start":{"line":102,"column":4},"end":{"line":102,"column":35}},"34":{"start":{"line":106,"column":4},"end":{"line":106,"column":19}},"35":{"start":{"line":110,"column":4},"end":{"line":110,"column":77}},"36":{"start":{"line":114,"column":4},"end":{"line":120,"column":18}},"37":{"start":{"line":116,"column":21},"end":{"line":116,"column":58}},"38":{"start":{"line":117,"column":21},"end":{"line":117,"column":69}},"39":{"start":{"line":118,"column":8},"end":{"line":118,"column":96}},"40":{"start":{"line":24,"column":0},"end":{"line":24,"column":13}},"41":{"start":{"line":149,"column":63},"end":{"line":149,"column":72}},"42":{"start":{"line":152,"column":21},"end":{"line":152,"column":55}},"43":{"start":{"line":153,"column":4},"end":{"line":153,"column":27}},"44":{"start":{"line":154,"column":4},"end":{"line":154,"column":43}},"45":{"start":{"line":158,"column":21},"end":{"line":158,"column":55}},"46":{"start":{"line":159,"column":18},"end":{"line":159,"column":43}},"47":{"start":{"line":160,"column":4},"end":{"line":163,"column":5}},"48":{"start":{"line":161,"column":6},"end":{"line":161,"column":32}},"49":{"start":{"line":162,"column":6},"end":{"line":162,"column":45}},"50":{"start":{"line":167,"column":30},"end":{"line":171,"column":6}},"51":{"start":{"line":173,"column":21},"end":{"line":173,"column":55}},"52":{"start":{"line":174,"column":4},"end":{"line":180,"column":7}},"53":{"start":{"line":175,"column":6},"end":{"line":179,"column":7}},"54":{"start":{"line":176,"column":8},"end":{"line":176,"column":23}},"55":{"start":{"line":178,"column":8},"end":{"line":178,"column":53}},"56":{"start":{"line":184,"column":4},"end":{"line":184,"column":26}},"57":{"start":{"line":148,"column":0},"end":{"line":148,"column":13}}},"fnMap":{"0":{"name":"(anonymous_0)","decl":{"start":{"line":6,"column":0},"end":{"line":6,"column":12}},"loc":{"start":{"line":6,"column":20},"end":{"line":12,"column":1}}},"1":{"name":"(anonymous_1)","decl":{"start":{"line":28,"column":2},"end":{"line":28,"column":5}},"loc":{"start":{"line":33,"column":34},"end":{"line":53,"column":3}}},"2":{"name":"(anonymous_2)","decl":{"start":{"line":55,"column":2},"end":{"line":55,"column":7}},"loc":{"start":{"line":55,"column":86},"end":{"line":57,"column":3}}},"3":{"name":"(anonymous_3)","decl":{"start":{"line":59,"column":2},"end":{"line":59,"column":6}},"loc":{"start":{"line":59,"column":85},"end":{"line":61,"column":3}}},"4":{"name":"(anonymous_4)","decl":{"start":{"line":63,"column":2},"end":{"line":63,"column":6}},"loc":{"start":{"line":63,"column":85},"end":{"line":65,"column":3}}},"5":{"name":"(anonymous_5)","decl":{"start":{"line":67,"column":2},"end":{"line":67,"column":7}},"loc":{"start":{"line":67,"column":86},"end":{"line":69,"column":3}}},"6":{"name":"(anonymous_6)","decl":{"start":{"line":71,"column":2},"end":{"line":71,"column":9}},"loc":{"start":{"line":71,"column":88},"end":{"line":73,"column":3}}},"7":{"name":"(anonymous_7)","decl":{"start":{"line":75,"column":2},"end":{"line":75,"column":9}},"loc":{"start":{"line":80,"column":3},"end":{"line":99,"column":3}}},"8":{"name":"(anonymous_8)","decl":{"start":{"line":85,"column":35},"end":{"line":85,"column":36}},"loc":{"start":{"line":85,"column":40},"end":{"line":85,"column":64}}},"9":{"name":"(anonymous_9)","decl":{"start":{"line":88,"column":35},"end":{"line":88,"column":36}},"loc":{"start":{"line":88,"column":40},"end":{"line":88,"column":66}}},"10":{"name":"(anonymous_10)","decl":{"start":{"line":91,"column":35},"end":{"line":91,"column":36}},"loc":{"start":{"line":91,"column":40},"end":{"line":91,"column":64}}},"11":{"name":"(anonymous_11)","decl":{"start":{"line":94,"column":35},"end":{"line":94,"column":36}},"loc":{"start":{"line":94,"column":40},"end":{"line":94,"column":68}}},"12":{"name":"(anonymous_12)","decl":{"start":{"line":101,"column":2},"end":{"line":101,"column":15}},"loc":{"start":{"line":101,"column":34},"end":{"line":103,"column":3}}},"13":{"name":"(anonymous_13)","decl":{"start":{"line":105,"column":2},"end":{"line":105,"column":7}},"loc":{"start":{"line":105,"column":7},"end":{"line":107,"column":3}}},"14":{"name":"(anonymous_14)","decl":{"start":{"line":109,"column":10},"end":{"line":109,"column":23}},"loc":{"start":{"line":109,"column":23},"end":{"line":111,"column":3}}},"15":{"name":"(anonymous_15)","decl":{"start":{"line":113,"column":2},"end":{"line":113,"column":12}},"loc":{"start":{"line":113,"column":12},"end":{"line":121,"column":3}}},"16":{"name":"(anonymous_16)","decl":{"start":{"line":115,"column":11},"end":{"line":115,"column":14}},"loc":{"start":{"line":115,"column":17},"end":{"line":119,"column":7}}},"17":{"name":"(anonymous_17)","decl":{"start":{"line":151,"column":2},"end":{"line":151,"column":4}},"loc":{"start":{"line":151,"column":58},"end":{"line":155,"column":3}}},"18":{"name":"(anonymous_18)","decl":{"start":{"line":157,"column":2},"end":{"line":157,"column":5}},"loc":{"start":{"line":157,"column":59},"end":{"line":164,"column":3}}},"19":{"name":"(anonymous_19)","decl":{"start":{"line":166,"column":2},"end":{"line":166,"column":6}},"loc":{"start":{"line":166,"column":43},"end":{"line":181,"column":3}}},"20":{"name":"(anonymous_20)","decl":{"start":{"line":174,"column":21},"end":{"line":174,"column":28}},"loc":{"start":{"line":174,"column":31},"end":{"line":180,"column":5}}},"21":{"name":"(anonymous_21)","decl":{"start":{"line":183,"column":2},"end":{"line":183,"column":7}},"loc":{"start":{"line":183,"column":7},"end":{"line":185,"column":3}}}},"branchMap":{"0":{"loc":{"start":{"line":6,"column":12},"end":{"line":6,"column":null}},"type":"binary-expr","locations":[{"start":{"line":6,"column":12},"end":{"line":6,"column":20}},{"start":{"line":6,"column":20},"end":{"line":6,"column":null}}]},"1":{"loc":{"start":{"line":48,"column":4},"end":{"line":50,"column":5}},"type":"if","locations":[{"start":{"line":48,"column":4},"end":{"line":50,"column":5}}]},"2":{"loc":{"start":{"line":83,"column":4},"end":{"line":96,"column":5}},"type":"if","locations":[{"start":{"line":83,"column":4},"end":{"line":96,"column":5}}]},"3":{"loc":{"start":{"line":84,"column":6},"end":{"line":86,"column":7}},"type":"if","locations":[{"start":{"line":84,"column":6},"end":{"line":86,"column":7}}]},"4":{"loc":{"start":{"line":87,"column":6},"end":{"line":89,"column":7}},"type":"if","locations":[{"start":{"line":87,"column":6},"end":{"line":89,"column":7}}]},"5":{"loc":{"start":{"line":90,"column":6},"end":{"line":92,"column":7}},"type":"if","locations":[{"start":{"line":90,"column":6},"end":{"line":92,"column":7}}]},"6":{"loc":{"start":{"line":93,"column":6},"end":{"line":95,"column":7}},"type":"if","locations":[{"start":{"line":93,"column":6},"end":{"line":95,"column":7}}]},"7":{"loc":{"start":{"line":101,"column":16},"end":{"line":101,"column":34}},"type":"default-arg","locations":[{"start":{"line":101,"column":32},"end":{"line":101,"column":34}}]},"8":{"loc":{"start":{"line":117,"column":21},"end":{"line":117,"column":69}},"type":"cond-expr","locations":[{"start":{"line":117,"column":36},"end":{"line":117,"column":64}},{"start":{"line":117,"column":67},"end":{"line":117,"column":69}}]},"9":{"loc":{"start":{"line":152,"column":21},"end":{"line":152,"column":55}},"type":"binary-expr","locations":[{"start":{"line":152,"column":21},"end":{"line":152,"column":49}},{"start":{"line":152,"column":53},"end":{"line":152,"column":55}}]},"10":{"loc":{"start":{"line":158,"column":21},"end":{"line":158,"column":55}},"type":"binary-expr","locations":[{"start":{"line":158,"column":21},"end":{"line":158,"column":49}},{"start":{"line":158,"column":53},"end":{"line":158,"column":55}}]},"11":{"loc":{"start":{"line":160,"column":4},"end":{"line":163,"column":5}},"type":"if","locations":[{"start":{"line":160,"column":4},"end":{"line":163,"column":5}}]},"12":{"loc":{"start":{"line":173,"column":21},"end":{"line":173,"column":55}},"type":"binary-expr","locations":[{"start":{"line":173,"column":21},"end":{"line":173,"column":49}},{"start":{"line":173,"column":53},"end":{"line":173,"column":55}}]}},"s":{"0":1,"1":1,"2":1,"3":1,"4":1,"5":1,"6":18,"7":18,"8":1238,"9":1238,"10":1238,"11":100,"12":1238,"13":1,"14":1222,"15":1,"16":7,"17":6,"18":9,"19":9,"20":6,"21":2,"22":8,"23":6,"24":2,"25":5,"26":6,"27":1,"28":4,"29":6,"30":2,"31":6,"32":9,"33":2,"34":2,"35":1238,"36":2,"37":3,"38":3,"39":3,"40":1,"41":6,"42":7,"43":7,"44":7,"45":1,"46":1,"47":1,"48":1,"49":1,"50":6,"51":6,"52":6,"53":5,"54":5,"55":1,"56":1,"57":1},"f":{"0":1,"1":1238,"2":1,"3":1222,"4":1,"5":7,"6":6,"7":9,"8":8,"9":5,"10":4,"11":6,"12":2,"13":2,"14":1238,"15":2,"16":3,"17":7,"18":1,"19":6,"20":5,"21":1},"b":{"0":[1,1],"1":[100],"2":[6],"3":[2],"4":[2],"5":[1],"6":[2],"7":[0],"8":[1,2],"9":[7,6],"10":[1,0],"11":[1],"12":[6,1]}}
,"/home/user/webapp/src/core/pipeline-state.ts": {"path":"/home/user/webapp/src/core/pipeline-state.ts","statementMap":{"0":{"start":{"line":6,"column":0},"end":{"line":6,"column":null}},"1":{"start":{"line":7,"column":2},"end":{"line":7,"column":null}},"2":{"start":{"line":8,"column":2},"end":{"line":8,"column":null}},"3":{"start":{"line":9,"column":2},"end":{"line":9,"column":null}},"4":{"start":{"line":10,"column":2},"end":{"line":10,"column":null}},"5":{"start":{"line":11,"column":2},"end":{"line":11,"column":null}},"6":{"start":{"line":12,"column":2},"end":{"line":12,"column":null}},"7":{"start":{"line":15,"column":0},"end":{"line":15,"column":null}},"8":{"start":{"line":16,"column":2},"end":{"line":16,"column":null}},"9":{"start":{"line":17,"column":2},"end":{"line":17,"column":null}},"10":{"start":{"line":18,"column":2},"end":{"line":18,"column":null}},"11":{"start":{"line":19,"column":2},"end":{"line":19,"column":null}},"12":{"start":{"line":20,"column":2},"end":{"line":20,"column":null}},"13":{"start":{"line":21,"column":2},"end":{"line":21,"column":null}},"14":{"start":{"line":22,"column":2},"end":{"line":22,"column":null}},"15":{"start":{"line":23,"column":2},"end":{"line":23,"column":null}},"16":{"start":{"line":24,"column":2},"end":{"line":24,"column":null}},"17":{"start":{"line":25,"column":2},"end":{"line":25,"column":null}},"18":{"start":{"line":65,"column":4},"end":{"line":65,"column":44}},"19":{"start":{"line":72,"column":4},"end":{"line":72,"column":38}},"20":{"start":{"line":79,"column":4},"end":{"line":79,"column":40}},"21":{"start":{"line":86,"column":24},"end":{"line":86,"column":29}},"22":{"start":{"line":89,"column":4},"end":{"line":93,"column":5}},"23":{"start":{"line":90,"column":6},"end":{"line":92,"column":7}},"24":{"start":{"line":91,"column":8},"end":{"line":91,"column":21}},"25":{"start":{"line":96,"column":4},"end":{"line":100,"column":5}},"26":{"start":{"line":97,"column":6},"end":{"line":99,"column":7}},"27":{"start":{"line":98,"column":8},"end":{"line":98,"column":21}},"28":{"start":{"line":103,"column":4},"end":{"line":107,"column":5}},"29":{"start":{"line":104,"column":6},"end":{"line":106,"column":7}},"30":{"start":{"line":105,"column":8},"end":{"line":105,"column":21}},"31":{"start":{"line":109,"column":4},"end":{"line":109,"column":16}},"32":{"start":{"line":60,"column":0},"end":{"line":60,"column":13}},"33":{"start":{"line":120,"column":4},"end":{"line":129,"column":6}},"34":{"start":{"line":131,"column":4},"end":{"line":131,"column":28}},"35":{"start":{"line":135,"column":18},"end":{"line":135,"column":42}},"36":{"start":{"line":136,"column":4},"end":{"line":149,"column":7}},"37":{"start":{"line":137,"column":6},"end":{"line":148,"column":9}},"38":{"start":{"line":153,"column":4},"end":{"line":153,"column":22}},"39":{"start":{"line":157,"column":4},"end":{"line":157,"column":59}},"40":{"start":{"line":161,"column":18},"end":{"line":161,"column":45}},"41":{"start":{"line":162,"column":4},"end":{"line":167,"column":5}},"42":{"start":{"line":163,"column":6},"end":{"line":163,"column":40}},"43":{"start":{"line":164,"column":6},"end":{"line":164,"column":35}},"44":{"start":{"line":165,"column":6},"end":{"line":165,"column":37}},"45":{"start":{"line":166,"column":6},"end":{"line":166,"column":40}},"46":{"start":{"line":171,"column":18},"end":{"line":171,"column":45}},"47":{"start":{"line":172,"column":4},"end":{"line":175,"column":5}},"48":{"start":{"line":173,"column":6},"end":{"line":173,"column":55}},"49":{"start":{"line":174,"column":6},"end":{"line":174,"column":40}},"50":{"start":{"line":179,"column":18},"end":{"line":179,"column":45}},"51":{"start":{"line":180,"column":4},"end":{"line":185,"column":5}},"52":{"start":{"line":181,"column":6},"end":{"line":181,"column":44}},"53":{"start":{"line":182,"column":6},"end":{"line":182,"column":33}},"54":{"start":{"line":183,"column":6},"end":{"line":183,"column":44}},"55":{"start":{"line":184,"column":6},"end":{"line":184,"column":40}},"56":{"start":{"line":189,"column":18},"end":{"line":189,"column":45}},"57":{"start":{"line":190,"column":4},"end":{"line":194,"column":5}},"58":{"start":{"line":191,"column":6},"end":{"line":191,"column":46}},"59":{"start":{"line":192,"column":6},"end":{"line":192,"column":37}},"60":{"start":{"line":193,"column":6},"end":{"line":193,"column":40}},"61":{"start":{"line":198,"column":18},"end":{"line":198,"column":45}},"62":{"start":{"line":199,"column":4},"end":{"line":199,"column":29}},"63":{"start":{"line":199,"column":16},"end":{"line":199,"column":29}},"64":{"start":{"line":202,"column":4},"end":{"line":205,"column":5}},"65":{"start":{"line":203,"column":6},"end":{"line":203,"column":42}},"66":{"start":{"line":204,"column":6},"end":{"line":204,"column":19}},"67":{"start":{"line":207,"column":4},"end":{"line":207,"column":41}},"68":{"start":{"line":208,"column":4},"end":{"line":208,"column":35}},"69":{"start":{"line":209,"column":4},"end":{"line":209,"column":93}},"70":{"start":{"line":212,"column":18},"end":{"line":212,"column":42}},"71":{"start":{"line":213,"column":25},"end":{"line":213,"column":44}},"72":{"start":{"line":214,"column":4},"end":{"line":216,"column":5}},"73":{"start":{"line":215,"column":6},"end":{"line":215,"column":56}},"74":{"start":{"line":218,"column":4},"end":{"line":218,"column":38}},"75":{"start":{"line":219,"column":4},"end":{"line":219,"column":16}},"76":{"start":{"line":223,"column":4},"end":{"line":223,"column":39}},"77":{"start":{"line":227,"column":4},"end":{"line":227,"column":33}},"78":{"start":{"line":228,"column":4},"end":{"line":228,"column":38}},"79":{"start":{"line":232,"column":21},"end":{"line":232,"column":66}},"80":{"start":{"line":233,"column":4},"end":{"line":233,"column":54}},"81":{"start":{"line":237,"column":19},"end":{"line":237,"column":57}},"82":{"start":{"line":238,"column":28},"end":{"line":238,"column":89}},"83":{"start":{"line":238,"column":47},"end":{"line":238,"column":81}},"84":{"start":{"line":239,"column":4},"end":{"line":239,"column":51}},"85":{"start":{"line":116,"column":0},"end":{"line":116,"column":13}}},"fnMap":{"0":{"name":"(anonymous_0)","decl":{"start":{"line":6,"column":0},"end":{"line":6,"column":12}},"loc":{"start":{"line":6,"column":23},"end":{"line":13,"column":1}}},"1":{"name":"(anonymous_1)","decl":{"start":{"line":15,"column":0},"end":{"line":15,"column":12}},"loc":{"start":{"line":15,"column":21},"end":{"line":26,"column":1}}},"2":{"name":"(anonymous_2)","decl":{"start":{"line":64,"column":2},"end":{"line":64,"column":8}},"loc":{"start":{"line":64,"column":44},"end":{"line":66,"column":3}}},"3":{"name":"(anonymous_3)","decl":{"start":{"line":71,"column":2},"end":{"line":71,"column":8}},"loc":{"start":{"line":71,"column":51},"end":{"line":73,"column":3}}},"4":{"name":"(anonymous_4)","decl":{"start":{"line":78,"column":2},"end":{"line":78,"column":8}},"loc":{"start":{"line":78,"column":47},"end":{"line":80,"column":3}}},"5":{"name":"(anonymous_5)","decl":{"start":{"line":85,"column":2},"end":{"line":85,"column":8}},"loc":{"start":{"line":85,"column":49},"end":{"line":110,"column":3}}},"6":{"name":"(anonymous_6)","decl":{"start":{"line":119,"column":2},"end":{"line":119,"column":14}},"loc":{"start":{"line":119,"column":70},"end":{"line":132,"column":3}}},"7":{"name":"(anonymous_7)","decl":{"start":{"line":134,"column":10},"end":{"line":134,"column":26}},"loc":{"start":{"line":134,"column":26},"end":{"line":150,"column":3}}},"8":{"name":"(anonymous_8)","decl":{"start":{"line":136,"column":18},"end":{"line":136,"column":19}},"loc":{"start":{"line":136,"column":27},"end":{"line":149,"column":5}}},"9":{"name":"(anonymous_9)","decl":{"start":{"line":152,"column":2},"end":{"line":152,"column":10}},"loc":{"start":{"line":152,"column":10},"end":{"line":154,"column":3}}},"10":{"name":"(anonymous_10)","decl":{"start":{"line":156,"column":2},"end":{"line":156,"column":17}},"loc":{"start":{"line":156,"column":17},"end":{"line":158,"column":3}}},"11":{"name":"(anonymous_11)","decl":{"start":{"line":160,"column":2},"end":{"line":160,"column":12}},"loc":{"start":{"line":160,"column":28},"end":{"line":168,"column":3}}},"12":{"name":"(anonymous_12)","decl":{"start":{"line":170,"column":2},"end":{"line":170,"column":20}},"loc":{"start":{"line":170,"column":68},"end":{"line":176,"column":3}}},"13":{"name":"(anonymous_13)","decl":{"start":{"line":178,"column":2},"end":{"line":178,"column":15}},"loc":{"start":{"line":178,"column":46},"end":{"line":186,"column":3}}},"14":{"name":"(anonymous_14)","decl":{"start":{"line":188,"column":2},"end":{"line":188,"column":18}},"loc":{"start":{"line":188,"column":52},"end":{"line":195,"column":3}}},"15":{"name":"(anonymous_15)","decl":{"start":{"line":197,"column":2},"end":{"line":197,"column":15}},"loc":{"start":{"line":197,"column":31},"end":{"line":220,"column":3}}},"16":{"name":"(anonymous_16)","decl":{"start":{"line":222,"column":2},"end":{"line":222,"column":16}},"loc":{"start":{"line":222,"column":32},"end":{"line":224,"column":3}}},"17":{"name":"(anonymous_17)","decl":{"start":{"line":226,"column":2},"end":{"line":226,"column":14}},"loc":{"start":{"line":226,"column":30},"end":{"line":229,"column":3}}},"18":{"name":"(anonymous_18)","decl":{"start":{"line":231,"column":2},"end":{"line":231,"column":20}},"loc":{"start":{"line":231,"column":20},"end":{"line":234,"column":3}}},"19":{"name":"(anonymous_19)","decl":{"start":{"line":236,"column":2},"end":{"line":236,"column":20}},"loc":{"start":{"line":236,"column":20},"end":{"line":240,"column":3}}},"20":{"name":"(anonymous_20)","decl":{"start":{"line":238,"column":42},"end":{"line":238,"column":43}},"loc":{"start":{"line":238,"column":47},"end":{"line":238,"column":81}}}},"branchMap":{"0":{"loc":{"start":{"line":6,"column":12},"end":{"line":6,"column":null}},"type":"binary-expr","locations":[{"start":{"line":6,"column":12},"end":{"line":6,"column":23}},{"start":{"line":6,"column":23},"end":{"line":6,"column":null}}]},"1":{"loc":{"start":{"line":15,"column":12},"end":{"line":15,"column":null}},"type":"binary-expr","locations":[{"start":{"line":15,"column":12},"end":{"line":15,"column":21}},{"start":{"line":15,"column":21},"end":{"line":15,"column":null}}]},"2":{"loc":{"start":{"line":89,"column":4},"end":{"line":93,"column":5}},"type":"if","locations":[{"start":{"line":89,"column":4},"end":{"line":93,"column":5}}]},"3":{"loc":{"start":{"line":90,"column":6},"end":{"line":92,"column":7}},"type":"if","locations":[{"start":{"line":90,"column":6},"end":{"line":92,"column":7}}]},"4":{"loc":{"start":{"line":96,"column":4},"end":{"line":100,"column":5}},"type":"if","locations":[{"start":{"line":96,"column":4},"end":{"line":100,"column":5}}]},"5":{"loc":{"start":{"line":97,"column":6},"end":{"line":99,"column":7}},"type":"if","locations":[{"start":{"line":97,"column":6},"end":{"line":99,"column":7}}]},"6":{"loc":{"start":{"line":103,"column":4},"end":{"line":107,"column":5}},"type":"if","locations":[{"start":{"line":103,"column":4},"end":{"line":107,"column":5}}]},"7":{"loc":{"start":{"line":104,"column":6},"end":{"line":106,"column":7}},"type":"if","locations":[{"start":{"line":104,"column":6},"end":{"line":106,"column":7}}]},"8":{"loc":{"start":{"line":162,"column":4},"end":{"line":167,"column":5}},"type":"if","locations":[{"start":{"line":162,"column":4},"end":{"line":167,"column":5}}]},"9":{"loc":{"start":{"line":172,"column":4},"end":{"line":175,"column":5}},"type":"if","locations":[{"start":{"line":172,"column":4},"end":{"line":175,"column":5}}]},"10":{"loc":{"start":{"line":180,"column":4},"end":{"line":185,"column":5}},"type":"if","locations":[{"start":{"line":180,"column":4},"end":{"line":185,"column":5}}]},"11":{"loc":{"start":{"line":181,"column":23},"end":{"line":181,"column":43}},"type":"binary-expr","locations":[{"start":{"line":181,"column":23},"end":{"line":181,"column":37}},{"start":{"line":181,"column":41},"end":{"line":181,"column":43}}]},"12":{"loc":{"start":{"line":190,"column":4},"end":{"line":194,"column":5}},"type":"if","locations":[{"start":{"line":190,"column":4},"end":{"line":194,"column":5}}]},"13":{"loc":{"start":{"line":191,"column":24},"end":{"line":191,"column":45}},"type":"binary-expr","locations":[{"start":{"line":191,"column":24},"end":{"line":191,"column":39}},{"start":{"line":191,"column":43},"end":{"line":191,"column":45}}]},"14":{"loc":{"start":{"line":199,"column":4},"end":{"line":199,"column":29}},"type":"if","locations":[{"start":{"line":199,"column":4},"end":{"line":199,"column":29}}]},"15":{"loc":{"start":{"line":202,"column":4},"end":{"line":205,"column":5}},"type":"if","locations":[{"start":{"line":202,"column":4},"end":{"line":205,"column":5}}]},"16":{"loc":{"start":{"line":209,"column":55},"end":{"line":209,"column":91}},"type":"binary-expr","locations":[{"start":{"line":209,"column":55},"end":{"line":209,"column":70}},{"start":{"line":209,"column":74},"end":{"line":209,"column":91}}]},"17":{"loc":{"start":{"line":214,"column":4},"end":{"line":216,"column":5}},"type":"if","locations":[{"start":{"line":214,"column":4},"end":{"line":216,"column":5}}]}},"s":{"0":1,"1":1,"2":1,"3":1,"4":1,"5":1,"6":1,"7":1,"8":1,"9":1,"10":1,"11":1,"12":1,"13":1,"14":1,"15":1,"16":1,"17":1,"18":15,"19":4,"20":4,"21":22,"22":22,"23":13,"24":4,"25":18,"26":2,"27":1,"28":17,"29":2,"30":1,"31":16,"32":1,"33":17,"34":17,"35":17,"36":17,"37":170,"38":4,"39":1,"40":21,"41":21,"42":21,"43":21,"44":21,"45":21,"46":20,"47":20,"48":20,"49":20,"50":1,"51":1,"52":1,"53":1,"54":1,"55":1,"56":1,"57":1,"58":1,"59":1,"60":1,"61":19,"62":19,"63":0,"64":19,"65":4,"66":4,"67":15,"68":15,"69":15,"70":15,"71":15,"72":15,"73":14,"74":15,"75":15,"76":6,"77":1,"78":1,"79":2,"80":2,"81":2,"82":2,"83":20,"84":2,"85":1},"f":{"0":1,"1":1,"2":15,"3":4,"4":4,"5":22,"6":17,"7":17,"8":170,"9":4,"10":1,"11":21,"12":20,"13":1,"14":1,"15":19,"16":6,"17":1,"18":2,"19":2,"20":20},"b":{"0":[1,1],"1":[1,1],"2":[13],"3":[4],"4":[2],"5":[1],"6":[2],"7":[1],"8":[21],"9":[20],"10":[1],"11":[1,0],"12":[1],"13":[1,0],"14":[0],"15":[4],"16":[15,0],"17":[14]}}
}
