TN:
SF:src/core/agent-protocol.ts
FN:6,(anonymous_0)
FN:13,(anonymous_1)
FN:77,(anonymous_2)
FN:87,(anonymous_3)
FN:88,(anonymous_4)
FN:91,(anonymous_5)
FN:92,(anonymous_6)
FN:95,(anonymous_7)
FN:99,(anonymous_8)
FN:100,(anonymous_9)
FN:103,(anonymous_10)
FN:131,(anonymous_11)
FN:170,(anonymous_12)
FN:188,(anonymous_13)
FN:218,(anonymous_14)
FN:227,(anonymous_15)
FN:245,(anonymous_16)
FN:271,(anonymous_17)
FN:313,(anonymous_18)
FNF:19
FNH:19
FNDA:1,(anonymous_0)
FNDA:1,(anonymous_1)
FNDA:7,(anonymous_2)
FNDA:3,(anonymous_3)
FNDA:2,(anonymous_4)
FNDA:1,(anonymous_5)
FNDA:1,(anonymous_6)
FNDA:7,(anonymous_7)
FNDA:1,(anonymous_8)
FNDA:2,(anonymous_9)
FNDA:1,(anonymous_10)
FNDA:10,(anonymous_11)
FNDA:2,(anonymous_12)
FNDA:10,(anonymous_13)
FNDA:2,(anonymous_14)
FNDA:3,(anonymous_15)
FNDA:3,(anonymous_16)
FNDA:5,(anonymous_17)
FNDA:2,(anonymous_18)
DA:6,1
DA:7,1
DA:8,1
DA:9,1
DA:10,1
DA:13,1
DA:14,1
DA:15,1
DA:16,1
DA:17,1
DA:18,1
DA:19,1
DA:20,1
DA:74,1
DA:75,5
DA:78,7
DA:83,7
DA:84,7
DA:88,3
DA:92,1
DA:96,7
DA:100,2
DA:104,1
DA:127,1
DA:132,10
DA:134,10
DA:137,10
DA:139,10
DA:140,4
DA:149,6
DA:157,0
DA:172,2
DA:173,2
DA:175,2
DA:189,10
DA:192,10
DA:193,2
DA:194,2
DA:198,8
DA:201,5
DA:202,1
DA:204,5
DA:206,3
DA:207,1
DA:209,3
DA:212,8
DA:219,2
DA:220,2
DA:221,2
DA:228,3
DA:230,3
DA:232,3
DA:233,3
DA:236,3
DA:237,1
DA:240,3
DA:245,3
DA:248,0
DA:270,1
DA:272,5
DA:275,5
DA:276,1
DA:284,5
DA:285,1
DA:293,5
DA:294,1
DA:302,5
DA:303,1
DA:310,5
DA:315,2
DA:316,1
DA:319,1
LF:72
LH:70
BRDA:6,0,0,1
BRDA:6,0,1,1
BRDA:13,1,0,1
BRDA:13,1,1,1
BRDA:139,2,0,4
BRDA:160,3,0,0
BRDA:160,3,1,0
BRDA:192,4,0,2
BRDA:192,5,0,10
BRDA:192,5,1,9
BRDA:198,6,0,5
BRDA:198,6,1,5
BRDA:198,6,2,3
BRDA:201,7,0,1
BRDA:201,8,0,5
BRDA:201,8,1,3
BRDA:201,8,2,2
BRDA:206,9,0,1
BRDA:206,10,0,3
BRDA:206,10,1,1
BRDA:219,11,0,2
BRDA:219,11,1,0
BRDA:220,12,0,2
BRDA:220,12,1,2
BRDA:236,13,0,1
BRDA:251,14,0,0
BRDA:251,14,1,0
BRDA:275,15,0,1
BRDA:275,16,0,5
BRDA:275,16,1,4
BRDA:284,17,0,1
BRDA:284,18,0,5
BRDA:284,18,1,4
BRDA:293,19,0,1
BRDA:293,20,0,5
BRDA:293,20,1,4
BRDA:302,21,0,1
BRDA:302,22,0,5
BRDA:302,22,1,4
BRDA:315,23,0,1
BRF:40
BRH:35
end_of_record
TN:
SF:src/core/build-logger.ts
FN:6,(anonymous_0)
FN:28,(anonymous_1)
FN:55,(anonymous_2)
FN:59,(anonymous_3)
FN:63,(anonymous_4)
FN:67,(anonymous_5)
FN:71,(anonymous_6)
FN:75,(anonymous_7)
FN:85,(anonymous_8)
FN:88,(anonymous_9)
FN:91,(anonymous_10)
FN:94,(anonymous_11)
FN:101,(anonymous_12)
FN:105,(anonymous_13)
FN:109,(anonymous_14)
FN:113,(anonymous_15)
FN:115,(anonymous_16)
FN:151,(anonymous_17)
FN:157,(anonymous_18)
FN:166,(anonymous_19)
FN:174,(anonymous_20)
FN:183,(anonymous_21)
FNF:22
FNH:22
FNDA:1,(anonymous_0)
FNDA:1238,(anonymous_1)
FNDA:1,(anonymous_2)
FNDA:1222,(anonymous_3)
FNDA:1,(anonymous_4)
FNDA:7,(anonymous_5)
FNDA:6,(anonymous_6)
FNDA:9,(anonymous_7)
FNDA:8,(anonymous_8)
FNDA:5,(anonymous_9)
FNDA:4,(anonymous_10)
FNDA:6,(anonymous_11)
FNDA:2,(anonymous_12)
FNDA:2,(anonymous_13)
FNDA:1238,(anonymous_14)
FNDA:2,(anonymous_15)
FNDA:3,(anonymous_16)
FNDA:7,(anonymous_17)
FNDA:1,(anonymous_18)
FNDA:6,(anonymous_19)
FNDA:5,(anonymous_20)
FNDA:1,(anonymous_21)
DA:6,1
DA:7,1
DA:8,1
DA:9,1
DA:10,1
DA:11,1
DA:24,1
DA:25,18
DA:26,18
DA:35,1238
DA:45,1238
DA:48,1238
DA:49,100
DA:52,1238
DA:56,1
DA:60,1222
DA:64,1
DA:68,7
DA:72,6
DA:81,9
DA:83,9
DA:84,6
DA:85,8
DA:87,6
DA:88,5
DA:90,6
DA:91,4
DA:93,6
DA:94,6
DA:98,9
DA:102,2
DA:106,2
DA:110,1238
DA:114,2
DA:116,3
DA:117,3
DA:118,3
DA:148,1
DA:149,6
DA:152,7
DA:153,7
DA:154,7
DA:158,1
DA:159,1
DA:160,1
DA:161,1
DA:162,1
DA:167,6
DA:173,6
DA:174,6
DA:175,5
DA:176,5
DA:178,1
DA:184,1
LF:54
LH:54
BRDA:6,0,0,1
BRDA:6,0,1,1
BRDA:48,1,0,100
BRDA:83,2,0,6
BRDA:84,3,0,2
BRDA:87,4,0,2
BRDA:90,5,0,1
BRDA:93,6,0,2
BRDA:101,7,0,0
BRDA:117,8,0,1
BRDA:117,8,1,2
BRDA:152,9,0,7
BRDA:152,9,1,6
BRDA:158,10,0,1
BRDA:158,10,1,0
BRDA:160,11,0,1
BRDA:173,12,0,6
BRDA:173,12,1,1
BRF:18
BRH:16
end_of_record
TN:
SF:src/core/pipeline-state.ts
FN:6,(anonymous_0)
FN:15,(anonymous_1)
FN:64,(anonymous_2)
FN:71,(anonymous_3)
FN:78,(anonymous_4)
FN:85,(anonymous_5)
FN:119,(anonymous_6)
FN:134,(anonymous_7)
FN:136,(anonymous_8)
FN:152,(anonymous_9)
FN:156,(anonymous_10)
FN:160,(anonymous_11)
FN:170,(anonymous_12)
FN:178,(anonymous_13)
FN:188,(anonymous_14)
FN:197,(anonymous_15)
FN:222,(anonymous_16)
FN:226,(anonymous_17)
FN:231,(anonymous_18)
FN:236,(anonymous_19)
FN:238,(anonymous_20)
FNF:21
FNH:21
FNDA:1,(anonymous_0)
FNDA:1,(anonymous_1)
FNDA:15,(anonymous_2)
FNDA:4,(anonymous_3)
FNDA:4,(anonymous_4)
FNDA:22,(anonymous_5)
FNDA:17,(anonymous_6)
FNDA:17,(anonymous_7)
FNDA:170,(anonymous_8)
FNDA:4,(anonymous_9)
FNDA:1,(anonymous_10)
FNDA:21,(anonymous_11)
FNDA:20,(anonymous_12)
FNDA:1,(anonymous_13)
FNDA:1,(anonymous_14)
FNDA:19,(anonymous_15)
FNDA:6,(anonymous_16)
FNDA:1,(anonymous_17)
FNDA:2,(anonymous_18)
FNDA:2,(anonymous_19)
FNDA:20,(anonymous_20)
DA:6,1
DA:7,1
DA:8,1
DA:9,1
DA:10,1
DA:11,1
DA:12,1
DA:15,1
DA:16,1
DA:17,1
DA:18,1
DA:19,1
DA:20,1
DA:21,1
DA:22,1
DA:23,1
DA:24,1
DA:25,1
DA:60,1
DA:65,15
DA:72,4
DA:79,4
DA:86,22
DA:89,22
DA:90,13
DA:91,4
DA:96,18
DA:97,2
DA:98,1
DA:103,17
DA:104,2
DA:105,1
DA:109,16
DA:116,1
DA:120,17
DA:131,17
DA:135,17
DA:136,17
DA:137,170
DA:153,4
DA:157,1
DA:161,21
DA:162,21
DA:163,21
DA:164,21
DA:165,21
DA:166,21
DA:171,20
DA:172,20
DA:173,20
DA:174,20
DA:179,1
DA:180,1
DA:181,1
DA:182,1
DA:183,1
DA:184,1
DA:189,1
DA:190,1
DA:191,1
DA:192,1
DA:193,1
DA:198,19
DA:199,19
DA:202,19
DA:203,4
DA:204,4
DA:207,15
DA:208,15
DA:209,15
DA:212,15
DA:213,15
DA:214,15
DA:215,14
DA:218,15
DA:219,15
DA:223,6
DA:227,1
DA:228,1
DA:232,2
DA:233,2
DA:237,2
DA:238,20
DA:239,2
LF:84
LH:84
BRDA:6,0,0,1
BRDA:6,0,1,1
BRDA:15,1,0,1
BRDA:15,1,1,1
BRDA:89,2,0,13
BRDA:90,3,0,4
BRDA:96,4,0,2
BRDA:97,5,0,1
BRDA:103,6,0,2
BRDA:104,7,0,1
BRDA:162,8,0,21
BRDA:172,9,0,20
BRDA:180,10,0,1
BRDA:181,11,0,1
BRDA:181,11,1,0
BRDA:190,12,0,1
BRDA:191,13,0,1
BRDA:191,13,1,0
BRDA:199,14,0,0
BRDA:202,15,0,4
BRDA:209,16,0,15
BRDA:209,16,1,0
BRDA:214,17,0,14
BRF:23
BRH:19
end_of_record
